<?xml version="1.0" encoding="UTF-8"?>
<testsuite name="com.br.employee.registration.EmployeeRegistrationApplicationTests" tests="1" skipped="0" failures="0" errors="0" timestamp="2023-02-01T14:58:34" hostname="SEN002402" time="0.117">
  <properties/>
  <testcase name="contextLoads()" classname="com.br.employee.registration.EmployeeRegistrationApplicationTests" time="0.117"/>
  <system-out><![CDATA[11:58:30.181 [Test worker] DEBUG org.springframework.boot.test.context.SpringBootTestContextBootstrapper - Neither @ContextConfiguration nor @ContextHierarchy found for test class [EmployeeRegistrationApplicationTests]: using SpringBootContextLoader
11:58:30.188 [Test worker] DEBUG org.springframework.test.context.support.AbstractContextLoader - Could not detect default resource locations for test class [com.br.employee.registration.EmployeeRegistrationApplicationTests]: no resource found for suffixes {-context.xml, Context.groovy}.
11:58:30.189 [Test worker] INFO org.springframework.test.context.support.AnnotationConfigContextLoaderUtils - Could not detect default configuration classes for test class [com.br.employee.registration.EmployeeRegistrationApplicationTests]: EmployeeRegistrationApplicationTests does not declare any static, non-private, non-final, nested classes annotated with @Configuration.
11:58:30.217 [Test worker] DEBUG org.springframework.boot.test.context.SpringBootTestContextBootstrapper - Using ContextCustomizers for test class [EmployeeRegistrationApplicationTests]: [DisableObservabilityContextCustomizer, PropertyMappingContextCustomizer, Customizer, ExcludeFilterContextCustomizer, DuplicateJsonObjectContextCustomizer, MockitoContextCustomizer, TestRestTemplateContextCustomizer]
11:58:30.314 [Test worker] DEBUG org.springframework.context.annotation.ClassPathScanningCandidateComponentProvider - Identified candidate component class: file [/home/andressaurbano/Área de Trabalho/Andressa/EmployeeRegistration/build/classes/java/main/com/br/employee/registration/EmployeeRegistrationApplication.class]
11:58:30.315 [Test worker] INFO org.springframework.boot.test.context.SpringBootTestContextBootstrapper - Found @SpringBootConfiguration com.br.employee.registration.EmployeeRegistrationApplication for test class com.br.employee.registration.EmployeeRegistrationApplicationTests
11:58:30.446 [Test worker] DEBUG org.springframework.boot.test.context.SpringBootTestContextBootstrapper - Using TestExecutionListeners for test class [EmployeeRegistrationApplicationTests]: [ServletTestExecutionListener, DirtiesContextBeforeModesTestExecutionListener, ApplicationEventsTestExecutionListener, MockitoTestExecutionListener, DependencyInjectionTestExecutionListener, DirtiesContextTestExecutionListener, TransactionalTestExecutionListener, SqlScriptsTestExecutionListener, EventPublishingTestExecutionListener, RestDocsTestExecutionListener, MockRestServiceServerResetTestExecutionListener, MockMvcPrintOnlyOnFailureTestExecutionListener, WebDriverTestExecutionListener, MockWebServiceServerTestExecutionListener, ResetMocksTestExecutionListener]
11:58:30.447 [Test worker] DEBUG org.springframework.test.context.support.AbstractDirtiesContextTestExecutionListener - Before test class: class [EmployeeRegistrationApplicationTests], class annotated with @DirtiesContext [false] with mode [null]

  .   ____          _            __ _ _
 /\\ / ___'_ __ _ _(_)_ __  __ _ \ \ \ \
( ( )\___ | '_ | '_| | '_ \/ _` | \ \ \ \
 \\/  ___)| |_)| | | | | || (_| |  ) ) ) )
  '  |____| .__|_| |_|_| |_\__, | / / / /
 =========|_|==============|___/=/_/_/_/
 :: Spring Boot ::                (v3.0.2)

2023-02-01T11:58:30.826-03:00  INFO 986210 --- [    Test worker] e.r.EmployeeRegistrationApplicationTests : Starting EmployeeRegistrationApplicationTests using Java 17.0.2 with PID 986210 (started by andressaurbano in /home/andressaurbano/Área de Trabalho/Andressa/EmployeeRegistration)
2023-02-01T11:58:30.828-03:00  INFO 986210 --- [    Test worker] e.r.EmployeeRegistrationApplicationTests : No active profile set, falling back to 1 default profile: "default"
2023-02-01T11:58:31.608-03:00  INFO 986210 --- [    Test worker] .s.d.r.c.RepositoryConfigurationDelegate : Bootstrapping Spring Data JPA repositories in DEFAULT mode.
2023-02-01T11:58:31.677-03:00  INFO 986210 --- [    Test worker] .s.d.r.c.RepositoryConfigurationDelegate : Finished Spring Data repository scanning in 59 ms. Found 3 JPA repository interfaces.
2023-02-01T11:58:32.203-03:00  INFO 986210 --- [    Test worker] o.f.c.internal.license.VersionPrinter    : Flyway Community Edition 9.5.1 by Redgate
2023-02-01T11:58:32.203-03:00  INFO 986210 --- [    Test worker] o.f.c.internal.license.VersionPrinter    : See what's new here: https://flywaydb.org/documentation/learnmore/releaseNotes#9.5.1
2023-02-01T11:58:32.203-03:00  INFO 986210 --- [    Test worker] o.f.c.internal.license.VersionPrinter    : 
2023-02-01T11:58:32.212-03:00  INFO 986210 --- [    Test worker] com.zaxxer.hikari.HikariDataSource       : db_employee-registration - Starting...
2023-02-01T11:58:32.574-03:00  INFO 986210 --- [    Test worker] com.zaxxer.hikari.pool.HikariPool        : db_employee-registration - Added connection com.mysql.cj.jdbc.ConnectionImpl@28d61fc
2023-02-01T11:58:32.576-03:00  INFO 986210 --- [    Test worker] com.zaxxer.hikari.HikariDataSource       : db_employee-registration - Start completed.
2023-02-01T11:58:32.613-03:00  INFO 986210 --- [    Test worker] o.f.c.i.database.base.BaseDatabaseType   : Database: jdbc:mysql://localhost:3306/employee_db (MySQL 8.0)
2023-02-01T11:58:32.679-03:00  INFO 986210 --- [    Test worker] o.f.core.internal.command.DbValidate     : Successfully validated 4 migrations (execution time 00:00.029s)
2023-02-01T11:58:32.693-03:00  INFO 986210 --- [    Test worker] o.f.core.internal.command.DbMigrate      : Current version of schema `employee_db`: 4
2023-02-01T11:58:32.694-03:00  INFO 986210 --- [    Test worker] o.f.core.internal.command.DbMigrate      : Schema `employee_db` is up to date. No migration necessary.
2023-02-01T11:58:32.790-03:00  INFO 986210 --- [    Test worker] o.hibernate.jpa.internal.util.LogHelper  : HHH000204: Processing PersistenceUnitInfo [name: default]
2023-02-01T11:58:32.851-03:00  INFO 986210 --- [    Test worker] org.hibernate.Version                    : HHH000412: Hibernate ORM core version 6.1.6.Final
2023-02-01T11:58:33.001-03:00  WARN 986210 --- [    Test worker] org.hibernate.orm.deprecation            : HHH90000021: Encountered deprecated setting [javax.persistence.sharedCache.mode], use [jakarta.persistence.sharedCache.mode] instead
2023-02-01T11:58:33.186-03:00  INFO 986210 --- [    Test worker] SQL dialect                              : HHH000400: Using dialect: org.hibernate.dialect.MySQLDialect
2023-02-01T11:58:33.963-03:00  INFO 986210 --- [    Test worker] o.h.e.t.j.p.i.JtaPlatformInitiator       : HHH000490: Using JtaPlatform implementation: [org.hibernate.engine.transaction.jta.platform.internal.NoJtaPlatform]
2023-02-01T11:58:33.972-03:00  INFO 986210 --- [    Test worker] j.LocalContainerEntityManagerFactoryBean : Initialized JPA EntityManagerFactory for persistence unit 'default'
2023-02-01T11:58:34.358-03:00  WARN 986210 --- [    Test worker] JpaBaseConfiguration$JpaWebConfiguration : spring.jpa.open-in-view is enabled by default. Therefore, database queries may be performed during view rendering. Explicitly configure spring.jpa.open-in-view to disable this warning
2023-02-01T11:58:34.638-03:00  INFO 986210 --- [    Test worker] e.r.EmployeeRegistrationApplicationTests : Started EmployeeRegistrationApplicationTests in 4.149 seconds (process running for 5.266)
]]></system-out>
  <system-err><![CDATA[]]></system-err>
</testsuite>
